Determining if the pthread_create exist failed with the following output:
Change Dir: /home/workspace/udacity-robotics-software-engineer/catkin_ws/build/CMakeFiles/CMakeTmp

Run Build Command:"/usr/bin/make" "cmTC_06fa0/fast"
/usr/bin/make -f CMakeFiles/cmTC_06fa0.dir/build.make CMakeFiles/cmTC_06fa0.dir/build
make[1]: Entering directory '/home/workspace/udacity-robotics-software-engineer/catkin_ws/build/CMakeFiles/CMakeTmp'
Building C object CMakeFiles/cmTC_06fa0.dir/CheckSymbolExists.c.o
/usr/bin/cc     -o CMakeFiles/cmTC_06fa0.dir/CheckSymbolExists.c.o   -c /home/workspace/udacity-robotics-software-engineer/catkin_ws/build/CMakeFiles/CMakeTmp/CheckSymbolExists.c
Linking C executable cmTC_06fa0
/usr/bin/cmake -E cmake_link_script CMakeFiles/cmTC_06fa0.dir/link.txt --verbose=1
/usr/bin/cc       CMakeFiles/cmTC_06fa0.dir/CheckSymbolExists.c.o  -o cmTC_06fa0 -rdynamic 
CMakeFiles/cmTC_06fa0.dir/CheckSymbolExists.c.o: In function `main':
CheckSymbolExists.c:(.text+0x16): undefined reference to `pthread_create'
collect2: error: ld returned 1 exit status
CMakeFiles/cmTC_06fa0.dir/build.make:97: recipe for target 'cmTC_06fa0' failed
make[1]: *** [cmTC_06fa0] Error 1
make[1]: Leaving directory '/home/workspace/udacity-robotics-software-engineer/catkin_ws/build/CMakeFiles/CMakeTmp'
Makefile:126: recipe for target 'cmTC_06fa0/fast' failed
make: *** [cmTC_06fa0/fast] Error 2

File /home/workspace/udacity-robotics-software-engineer/catkin_ws/build/CMakeFiles/CMakeTmp/CheckSymbolExists.c:
/* */
#include <pthread.h>

int main(int argc, char** argv)
{
  (void)argv;
#ifndef pthread_create
  return ((int*)(&pthread_create))[argc];
#else
  (void)argc;
  return 0;
#endif
}

Determining if the function pthread_create exists in the pthreads failed with the following output:
Change Dir: /home/workspace/udacity-robotics-software-engineer/catkin_ws/build/CMakeFiles/CMakeTmp

Run Build Command:"/usr/bin/make" "cmTC_39f89/fast"
/usr/bin/make -f CMakeFiles/cmTC_39f89.dir/build.make CMakeFiles/cmTC_39f89.dir/build
make[1]: Entering directory '/home/workspace/udacity-robotics-software-engineer/catkin_ws/build/CMakeFiles/CMakeTmp'
Building C object CMakeFiles/cmTC_39f89.dir/CheckFunctionExists.c.o
/usr/bin/cc    -DCHECK_FUNCTION_EXISTS=pthread_create   -o CMakeFiles/cmTC_39f89.dir/CheckFunctionExists.c.o   -c /usr/share/cmake-3.5/Modules/CheckFunctionExists.c
Linking C executable cmTC_39f89
/usr/bin/cmake -E cmake_link_script CMakeFiles/cmTC_39f89.dir/link.txt --verbose=1
/usr/bin/cc   -DCHECK_FUNCTION_EXISTS=pthread_create    CMakeFiles/cmTC_39f89.dir/CheckFunctionExists.c.o  -o cmTC_39f89 -rdynamic -lpthreads 
/usr/bin/ld: cannot find -lpthreads
collect2: error: ld returned 1 exit status
CMakeFiles/cmTC_39f89.dir/build.make:97: recipe for target 'cmTC_39f89' failed
make[1]: *** [cmTC_39f89] Error 1
make[1]: Leaving directory '/home/workspace/udacity-robotics-software-engineer/catkin_ws/build/CMakeFiles/CMakeTmp'
Makefile:126: recipe for target 'cmTC_39f89/fast' failed
make: *** [cmTC_39f89/fast] Error 2


