Determining if the pthread_create exist failed with the following output:
Change Dir: /home/workspace/udacity-robotics-software-engineer/catkin_ws_lab_kf/build/CMakeFiles/CMakeTmp

Run Build Command:"/usr/bin/make" "cmTC_27bec/fast"
/usr/bin/make -f CMakeFiles/cmTC_27bec.dir/build.make CMakeFiles/cmTC_27bec.dir/build
make[1]: Entering directory '/home/workspace/udacity-robotics-software-engineer/catkin_ws_lab_kf/build/CMakeFiles/CMakeTmp'
Building C object CMakeFiles/cmTC_27bec.dir/CheckSymbolExists.c.o
/usr/bin/cc     -o CMakeFiles/cmTC_27bec.dir/CheckSymbolExists.c.o   -c /home/workspace/udacity-robotics-software-engineer/catkin_ws_lab_kf/build/CMakeFiles/CMakeTmp/CheckSymbolExists.c
Linking C executable cmTC_27bec
/usr/bin/cmake -E cmake_link_script CMakeFiles/cmTC_27bec.dir/link.txt --verbose=1
/usr/bin/cc       CMakeFiles/cmTC_27bec.dir/CheckSymbolExists.c.o  -o cmTC_27bec -rdynamic 
CMakeFiles/cmTC_27bec.dir/CheckSymbolExists.c.o: In function `main':
CheckSymbolExists.c:(.text+0x16): undefined reference to `pthread_create'
collect2: error: ld returned 1 exit status
CMakeFiles/cmTC_27bec.dir/build.make:97: recipe for target 'cmTC_27bec' failed
make[1]: *** [cmTC_27bec] Error 1
make[1]: Leaving directory '/home/workspace/udacity-robotics-software-engineer/catkin_ws_lab_kf/build/CMakeFiles/CMakeTmp'
Makefile:126: recipe for target 'cmTC_27bec/fast' failed
make: *** [cmTC_27bec/fast] Error 2

File /home/workspace/udacity-robotics-software-engineer/catkin_ws_lab_kf/build/CMakeFiles/CMakeTmp/CheckSymbolExists.c:
/* */
#include <pthread.h>

int main(int argc, char** argv)
{
  (void)argv;
#ifndef pthread_create
  return ((int*)(&pthread_create))[argc];
#else
  (void)argc;
  return 0;
#endif
}

Determining if the function pthread_create exists in the pthreads failed with the following output:
Change Dir: /home/workspace/udacity-robotics-software-engineer/catkin_ws_lab_kf/build/CMakeFiles/CMakeTmp

Run Build Command:"/usr/bin/make" "cmTC_e5e00/fast"
/usr/bin/make -f CMakeFiles/cmTC_e5e00.dir/build.make CMakeFiles/cmTC_e5e00.dir/build
make[1]: Entering directory '/home/workspace/udacity-robotics-software-engineer/catkin_ws_lab_kf/build/CMakeFiles/CMakeTmp'
Building C object CMakeFiles/cmTC_e5e00.dir/CheckFunctionExists.c.o
/usr/bin/cc    -DCHECK_FUNCTION_EXISTS=pthread_create   -o CMakeFiles/cmTC_e5e00.dir/CheckFunctionExists.c.o   -c /usr/share/cmake-3.5/Modules/CheckFunctionExists.c
Linking C executable cmTC_e5e00
/usr/bin/cmake -E cmake_link_script CMakeFiles/cmTC_e5e00.dir/link.txt --verbose=1
/usr/bin/cc   -DCHECK_FUNCTION_EXISTS=pthread_create    CMakeFiles/cmTC_e5e00.dir/CheckFunctionExists.c.o  -o cmTC_e5e00 -rdynamic -lpthreads 
/usr/bin/ld: cannot find -lpthreads
collect2: error: ld returned 1 exit status
CMakeFiles/cmTC_e5e00.dir/build.make:97: recipe for target 'cmTC_e5e00' failed
make[1]: *** [cmTC_e5e00] Error 1
make[1]: Leaving directory '/home/workspace/udacity-robotics-software-engineer/catkin_ws_lab_kf/build/CMakeFiles/CMakeTmp'
Makefile:126: recipe for target 'cmTC_e5e00/fast' failed
make: *** [cmTC_e5e00/fast] Error 2


